[LOG] system_create                            : Header version = 2.03.06. Current version = 2.03.06.
[LOG] Manager::init                            : maxchannels = 256 studioflags = 00000006 flags 00000000 extradriverdata 0000000000000000.
[LOG] SystemI::init                            : Initialize version=20306 (149358), maxchannels=256, flags=0x00020000
[LOG] SystemI::setOutputInternal               : Setting output to 'FMOD WASAPI Output'
[LOG] OutputWASAPI::init                       : Mix Format (WAVEFORMATEX): wFormatTag=0xFFFE, nChannels=2, nSamplesPerSec=48000, nAvgBytesPerSec=384000, nBlockAlign=8, wBitsPerSample=32, cbSize=22.
[LOG] OutputWASAPI::init                       : Mix Format (WAVEFORMATEXTENSIBLE): wValidBitsPerSample=32, dwChannelMask=0x00000003, SubFormat=00000003-0000-0010-8000-00AA00389B71.
[LOG] OutputWASAPI::init                       : Output buffer size: 2048 samples, latency: 0.00ms, period: 10.00ms, DSP buffer: 512 * 4
[LOG] Thread::initThread                       : Init FMOD stream thread. Affinity: 0x4000000000000003, Priority: 0xFFFF7FFB, Stack Size: 98304, Semaphore: No, Sleep Time: 10, Looping: Yes.
[LOG] SystemI::DSPCodecPoolRegister            : register codec pool for pool type 0
[LOG] Thread::initThread                       : Init FMOD mixer thread. Affinity: 0x4000000000000001, Priority: 0xFFFF7FFA, Stack Size: 81920, Semaphore: No, Sleep Time: 0, Looping: Yes.
[LOG] AsyncManager::init                       : manager 000001BB63A8CCE8 isAsync 0 updatePeriod 0.02
[LOG] AsyncManager::init                       : done
[LOG] PlaybackSystem::init                     : 
[LOG] Thread::initThread                       : Init FMOD Studio sample load thread. Affinity: 0x4000000000000003, Priority: 0xFFFF7FFD, Stack Size: 98304, Semaphore: No, Sleep Time: 1, Looping: No.
[LOG] PlaybackSystem::init                     : done
[LOG] Thread::initThread                       : Init FMOD Studio bank load thread. Affinity: 0x4000000000000003, Priority: 0xFFFF7FFD, Stack Size: 98304, Semaphore: No, Sleep Time: 1, Looping: No.
[LOG] Manager::init                            : done.
[LOG] BankLoader::serializeBank                : fileversion = 146, compatVersion = 146 (oldest = 44, newest = 146)
[LOG] BankLoader::serializeBank                : fileversion = 146, compatVersion = 146 (oldest = 44, newest = 146)
[LOG] PlaybackSystem::acquireMasterBus         : Setting master channel group format to 6
[LOG] BankLoader::serializeBank                : fileversion = 146, compatVersion = 146 (oldest = 44, newest = 146)
[LOG] SystemI::createSound                     : filename = Assets/Sounds/Build/Desktop/Master.bank : mode 02010082
[LOG] SystemI::createSound                     : FMOD_NONBLOCKING specified.  Putting into queue to be opened asynchronously!
[LOG] Thread::initThread                       : Init FMOD nonblocking thread (0). Affinity: 0x4000000000000003, Priority: 0xFFFF7FFC, Stack Size: 114688, Semaphore: Yes, Sleep Time: 0, Looping: Yes.
[LOG] AsyncThread::add                         : add sound to async queue : soundi = 000001B906169C68, queue head = 000001B906169908, queue count = 0
[LOG] AsyncThread::threadFunc                  : Starting Asynchronous operation on sound 000001B906169C68
[LOG] SystemI::createSoundInternal             :     Create name='Assets/Sounds/Build/Desktop/Master.bank', mode=0x02010082
[LOG] SystemI::createSoundInternal             :     exinfo->cbsize             = 224
[LOG] SystemI::createSoundInternal             :     exinfo->length             = 3467008
[LOG] SystemI::createSoundInternal             :     exinfo->fileoffset         = 3424
[LOG] SystemI::createSoundInternal             :     exinfo->numsubsounds       = 1
[LOG] SystemI::createSoundInternal             :     exinfo->inclusionlist      = 000001B836AE7858
[LOG] SystemI::createSoundInternal             :     exinfo->inclusionlistnum   = 1
[LOG] SystemI::createSoundInternal             :     exinfo->suggestedsoundtype = 5
[LOG] SystemI::createSoundInternal             :     exinfo->initialseekpostype = 1
[LOG] SystemI::createSoundInternal             :     Stream 0/1: name='CrossXCrosser_MainTitleOst', format=5, channels=2, frequency=48000, lengthbytes=3433792, lengthpcm=11519999, pcmblocksize=0, loopstart=0, loopend=0, mode=0x00000000, channelmask=0x00000000, channelorder=0, peakvolume=0.867065.
[LOG] Thread::initThread                       :     Init FMOD file thread. Affinity: 0x4000000000000003, Priority: 0xFFFF7FFC, Stack Size: 65536, Semaphore: No, Sleep Time: 10, Looping: Yes.
[LOG] AsyncThread::threadFunc                  : Finished Asynchronous operation on sound 000001B906169C68
[LOG] AsyncThread::threadFunc                  : Starting Asynchronous operation on sound 000001BB5FD0EB48
[LOG] AsyncThread::threadFunc                  : Finished Asynchronous operation on sound 000001BB5FD0EB48
[LOG] SystemI::createSoundInternal             : Create name='', mode=0x02000202
[LOG] SystemI::createSoundInternal             : exinfo->cbsize             = 224
[LOG] SystemI::createSoundInternal             : exinfo->length             = 3467008
[LOG] SystemI::createSoundInternal             : exinfo->fileoffset         = 3424
[LOG] SystemI::createSoundInternal             : exinfo->numsubsounds       = 1
[LOG] SystemI::createSoundInternal             : exinfo->inclusionlist      = 00000045BB12F388
[LOG] SystemI::createSoundInternal             : exinfo->inclusionlistnum   = 1
[LOG] SystemI::createSoundInternal             : exinfo->suggestedsoundtype = 5
[LOG] SystemI::createSoundInternal             : exinfo->useropen           = 00007FFAC31AD3E0
[LOG] SystemI::createSoundInternal             : exinfo->userclose          = 00007FFAC31AD3A0
[LOG] SystemI::createSoundInternal             : exinfo->userread           = 00007FFAC31AD4C0
[LOG] SystemI::createSoundInternal             : exinfo->userseek           = 00007FFAC31AD580
[LOG] SystemI::createSoundInternal             : exinfo->fileuserdata       = 000001B99D505858
[LOG] SystemI::createSoundInternal             : exinfo->initialseekpostype = 1
[LOG] SystemI::DSPCodecPoolRegister            : register codec pool for pool type 4
[LOG] SystemI::createSoundInternal             : Sample 0/1: name='gamestart', format=5, channels=2, frequency=48000, lengthbytes=31104, lengthpcm=116352, pcmblocksize=0, loopstart=0, loopend=0, mode=0x00000000, channelmask=0x00000000, channelorder=0, peakvolume=0.686401.
[LOG] SystemI::createSound                     : filename = Assets/Sounds/Build/Desktop/Master.bank : mode 02010082
[LOG] SystemI::createSound                     : FMOD_NONBLOCKING specified.  Putting into queue to be opened asynchronously!
[LOG] AsyncThread::add                         : add sound to async queue : soundi = 000001BB634D7548, queue head = 000001B906169908, queue count = 0
[LOG] AsyncThread::threadFunc                  : Starting Asynchronous operation on sound 000001BB634D7548
[LOG] SystemI::createSoundInternal             :     Create name='Assets/Sounds/Build/Desktop/Master.bank', mode=0x02010082
[LOG] SystemI::createSoundInternal             :     exinfo->cbsize             = 224
[LOG] SystemI::createSoundInternal             :     exinfo->length             = 3467008
[LOG] SystemI::createSoundInternal             :     exinfo->fileoffset         = 3424
[LOG] SystemI::createSoundInternal             :     exinfo->numsubsounds       = 1
[LOG] SystemI::createSoundInternal             :     exinfo->inclusionlist      = 000001B836AE84B8
[LOG] SystemI::createSoundInternal             :     exinfo->inclusionlistnum   = 1
[LOG] SystemI::createSoundInternal             :     exinfo->suggestedsoundtype = 5
[LOG] SystemI::createSoundInternal             :     exinfo->initialseekpostype = 1
[LOG] SystemI::createSoundInternal             :     Stream 0/1: name='CrossXCrosser_MainTitleOst', format=5, channels=2, frequency=48000, lengthbytes=3433792, lengthpcm=11519999, pcmblocksize=0, loopstart=0, loopend=0, mode=0x00000000, channelmask=0x00000000, channelorder=0, peakvolume=0.867065.
[LOG] AsyncThread::threadFunc                  : Finished Asynchronous operation on sound 000001BB634D7548
[WRN] DSPI::release                            : WARNING.  Failed to release because unit is still attached.  Use removeDSP function first.
[LOG] SystemI::createSoundInternal             : Create name='', mode=0x02000202
[LOG] SystemI::createSoundInternal             : exinfo->cbsize             = 224
[LOG] SystemI::createSoundInternal             : exinfo->length             = 1917376
[LOG] SystemI::createSoundInternal             : exinfo->fileoffset         = 80896
[LOG] SystemI::createSoundInternal             : exinfo->numsubsounds       = 1
[LOG] SystemI::createSoundInternal             : exinfo->inclusionlist      = 00000045BB12F388
[LOG] SystemI::createSoundInternal             : exinfo->inclusionlistnum   = 1
[LOG] SystemI::createSoundInternal             : exinfo->suggestedsoundtype = 5
[LOG] SystemI::createSoundInternal             : exinfo->useropen           = 00007FFAC31AD3E0
[LOG] SystemI::createSoundInternal             : exinfo->userclose          = 00007FFAC31AD3A0
[LOG] SystemI::createSoundInternal             : exinfo->userread           = 00007FFAC31AD4C0
[LOG] SystemI::createSoundInternal             : exinfo->userseek           = 00007FFAC31AD580
[LOG] SystemI::createSoundInternal             : exinfo->fileuserdata       = 000001BB603544C8
[LOG] SystemI::createSoundInternal             : exinfo->initialseekpostype = 1
[LOG] SystemI::DSPCodecPoolRegister            : register codec pool for pool type 4
[LOG] SystemI::createSoundInternal             : Sample 0/1: name='hologram sounds2', format=5, channels=2, frequency=48000, lengthbytes=24768, lengthpcm=100310, pcmblocksize=0, loopstart=0, loopend=0, mode=0x00000000, channelmask=0x00000000, channelorder=0, peakvolume=0.565063.
[LOG] SoundI::release                          : CrossXCrosser_MainTitleOst (000001BB634D7548)
[LOG] SoundI::release                          :     CrossXCrosser_MainTitleOst (000001BA27FAF508)
[LOG] SoundI::release                          :     CrossXCrosser_MainTitleOst (000001BB95465FA8)
[LOG] SystemI::createSoundInternal             : Create name='', mode=0x02000202
[LOG] SystemI::createSoundInternal             : exinfo->cbsize             = 224
[LOG] SystemI::createSoundInternal             : exinfo->length             = 1917376
[LOG] SystemI::createSoundInternal             : exinfo->fileoffset         = 80896
[LOG] SystemI::createSoundInternal             : exinfo->numsubsounds       = 1
[LOG] SystemI::createSoundInternal             : exinfo->inclusionlist      = 00000045BB12F388
[LOG] SystemI::createSoundInternal             : exinfo->inclusionlistnum   = 1
[LOG] SystemI::createSoundInternal             : exinfo->suggestedsoundtype = 5
[LOG] SystemI::createSoundInternal             : exinfo->useropen           = 00007FFAC31AD3E0
[LOG] SystemI::createSoundInternal             : exinfo->userclose          = 00007FFAC31AD3A0
[LOG] SystemI::createSoundInternal             : exinfo->userread           = 00007FFAC31AD4C0
[LOG] SystemI::createSoundInternal             : exinfo->userseek           = 00007FFAC31AD580
[LOG] SystemI::createSoundInternal             : exinfo->fileuserdata       = 000001B902989238
[LOG] SystemI::createSoundInternal             : exinfo->initialseekpostype = 1
[LOG] SystemI::DSPCodecPoolRegister            : register codec pool for pool type 4
[LOG] SystemI::createSoundInternal             : Sample 0/1: name='アスファルトの上を歩く3 - Trimmed', format=5, channels=2, frequency=48000, lengthbytes=4800, lengthpcm=16800, pcmblocksize=0, loopstart=0, loopend=0, mode=0x00000000, channelmask=0x00000000, channelorder=0, peakvolume=0.160065.
[LOG] SystemI::createSoundInternal             : Create name='', mode=0x02000202
[LOG] SystemI::createSoundInternal             : exinfo->cbsize             = 224
[LOG] SystemI::createSoundInternal             : exinfo->length             = 1917376
[LOG] SystemI::createSoundInternal             : exinfo->fileoffset         = 80896
[LOG] SystemI::createSoundInternal             : exinfo->numsubsounds       = 1
[LOG] SystemI::createSoundInternal             : exinfo->inclusionlist      = 00000045BB12F388
[LOG] SystemI::createSoundInternal             : exinfo->inclusionlistnum   = 1
[LOG] SystemI::createSoundInternal             : exinfo->suggestedsoundtype = 5
[LOG] SystemI::createSoundInternal             : exinfo->useropen           = 00007FFAC31AD3E0
[LOG] SystemI::createSoundInternal             : exinfo->userclose          = 00007FFAC31AD3A0
[LOG] SystemI::createSoundInternal             : exinfo->userread           = 00007FFAC31AD4C0
[LOG] SystemI::createSoundInternal             : exinfo->userseek           = 00007FFAC31AD580
[LOG] SystemI::createSoundInternal             : exinfo->fileuserdata       = 000001B902989238
[LOG] SystemI::createSoundInternal             : exinfo->initialseekpostype = 1
[LOG] SystemI::DSPCodecPoolRegister            : register codec pool for pool type 4
[LOG] SystemI::createSoundInternal             : Sample 0/1: name='アスファルトの上を歩く4 - Trimmed', format=5, channels=2, frequency=48000, lengthbytes=4320, lengthpcm=16800, pcmblocksize=0, loopstart=0, loopend=0, mode=0x00000000, channelmask=0x00000000, channelorder=0, peakvolume=0.343597.
[LOG] SystemI::createSoundInternal             : Create name='', mode=0x02000202
[LOG] SystemI::createSoundInternal             : exinfo->cbsize             = 224
[LOG] SystemI::createSoundInternal             : exinfo->length             = 1917376
[LOG] SystemI::createSoundInternal             : exinfo->fileoffset         = 80896
[LOG] SystemI::createSoundInternal             : exinfo->numsubsounds       = 1
[LOG] SystemI::createSoundInternal             : exinfo->inclusionlist      = 00000045BB12F388
[LOG] SystemI::createSoundInternal             : exinfo->inclusionlistnum   = 1
[LOG] SystemI::createSoundInternal             : exinfo->suggestedsoundtype = 5
[LOG] SystemI::createSoundInternal             : exinfo->useropen           = 00007FFAC31AD3E0
[LOG] SystemI::createSoundInternal             : exinfo->userclose          = 00007FFAC31AD3A0
[LOG] SystemI::createSoundInternal             : exinfo->userread           = 00007FFAC31AD4C0
[LOG] SystemI::createSoundInternal             : exinfo->userseek           = 00007FFAC31AD580
[LOG] SystemI::createSoundInternal             : exinfo->fileuserdata       = 000001B902989238
[LOG] SystemI::createSoundInternal             : exinfo->initialseekpostype = 1
[LOG] SystemI::DSPCodecPoolRegister            : register codec pool for pool type 4
[LOG] SystemI::createSoundInternal             : Sample 0/1: name='アスファルトの上を歩く2 - Trimmed', format=5, channels=2, frequency=48000, lengthbytes=6560, lengthpcm=23998, pcmblocksize=0, loopstart=0, loopend=0, mode=0x00000000, channelmask=0x00000000, channelorder=0, peakvolume=0.159149.
[LOG] SystemI::createSoundInternal             : Create name='', mode=0x02000202
[LOG] SystemI::createSoundInternal             : exinfo->cbsize             = 224
[LOG] SystemI::createSoundInternal             : exinfo->length             = 1917376
[LOG] SystemI::createSoundInternal             : exinfo->fileoffset         = 80896
[LOG] SystemI::createSoundInternal             : exinfo->numsubsounds       = 1
[LOG] SystemI::createSoundInternal             : exinfo->inclusionlist      = 00000045BB12F388
[LOG] SystemI::createSoundInternal             : exinfo->inclusionlistnum   = 1
[LOG] SystemI::createSoundInternal             : exinfo->suggestedsoundtype = 5
[LOG] SystemI::createSoundInternal             : exinfo->useropen           = 00007FFAC31AD3E0
[LOG] SystemI::createSoundInternal             : exinfo->userclose          = 00007FFAC31AD3A0
[LOG] SystemI::createSoundInternal             : exinfo->userread           = 00007FFAC31AD4C0
[LOG] SystemI::createSoundInternal             : exinfo->userseek           = 00007FFAC31AD580
[LOG] SystemI::createSoundInternal             : exinfo->fileuserdata       = 000001B902989238
[LOG] SystemI::createSoundInternal             : exinfo->initialseekpostype = 1
[LOG] SystemI::DSPCodecPoolRegister            : register codec pool for pool type 4
[LOG] SystemI::createSoundInternal             : Sample 0/1: name='アスファルトの上を歩く1 - Trimmed', format=5, channels=2, frequency=48000, lengthbytes=6752, lengthpcm=23998, pcmblocksize=0, loopstart=0, loopend=0, mode=0x00000000, channelmask=0x00000000, channelorder=0, peakvolume=0.231293.
[LOG] SoundI::release                          : CrossXCrosser_MainTitleOst (000001B906169C68)
[LOG] SoundI::release                          :     CrossXCrosser_MainTitleOst (000001B99DA4D838)
[LOG] SoundI::release                          :     CrossXCrosser_MainTitleOst (000001BB5FD0EB48)
[LOG] SystemI::createSoundInternal             : Create name='', mode=0x02000202
[LOG] SystemI::createSoundInternal             : exinfo->cbsize             = 224
[LOG] SystemI::createSoundInternal             : exinfo->length             = 1917376
[LOG] SystemI::createSoundInternal             : exinfo->fileoffset         = 80896
[LOG] SystemI::createSoundInternal             : exinfo->numsubsounds       = 1
[LOG] SystemI::createSoundInternal             : exinfo->inclusionlist      = 00000045BB12F388
[LOG] SystemI::createSoundInternal             : exinfo->inclusionlistnum   = 1
[LOG] SystemI::createSoundInternal             : exinfo->suggestedsoundtype = 5
[LOG] SystemI::createSoundInternal             : exinfo->useropen           = 00007FFAC31AD3E0
[LOG] SystemI::createSoundInternal             : exinfo->userclose          = 00007FFAC31AD3A0
[LOG] SystemI::createSoundInternal             : exinfo->userread           = 00007FFAC31AD4C0
[LOG] SystemI::createSoundInternal             : exinfo->userseek           = 00007FFAC31AD580
[LOG] SystemI::createSoundInternal             : exinfo->fileuserdata       = 000001B902989238
[LOG] SystemI::createSoundInternal             : exinfo->initialseekpostype = 1
[LOG] SystemI::DSPCodecPoolRegister            : register codec pool for pool type 4
[LOG] SystemI::createSoundInternal             : Sample 0/1: name='swing1', format=5, channels=2, frequency=48000, lengthbytes=6848, lengthpcm=26496, pcmblocksize=0, loopstart=0, loopend=0, mode=0x00000000, channelmask=0x00000000, channelorder=0, peakvolume=0.976227.
[LOG] SystemI::createSoundInternal             : Create name='', mode=0x02000202
[LOG] SystemI::createSoundInternal             : exinfo->cbsize             = 224
[LOG] SystemI::createSoundInternal             : exinfo->length             = 1917376
[LOG] SystemI::createSoundInternal             : exinfo->fileoffset         = 80896
[LOG] SystemI::createSoundInternal             : exinfo->numsubsounds       = 1
[LOG] SystemI::createSoundInternal             : exinfo->inclusionlist      = 00000045BB12F388
[LOG] SystemI::createSoundInternal             : exinfo->inclusionlistnum   = 1
[LOG] SystemI::createSoundInternal             : exinfo->suggestedsoundtype = 5
[LOG] SystemI::createSoundInternal             : exinfo->useropen           = 00007FFAC31AD3E0
[LOG] SystemI::createSoundInternal             : exinfo->userclose          = 00007FFAC31AD3A0
[LOG] SystemI::createSoundInternal             : exinfo->userread           = 00007FFAC31AD4C0
[LOG] SystemI::createSoundInternal             : exinfo->userseek           = 00007FFAC31AD580
[LOG] SystemI::createSoundInternal             : exinfo->fileuserdata       = 000001B902989238
[LOG] SystemI::createSoundInternal             : exinfo->initialseekpostype = 1
[LOG] SystemI::DSPCodecPoolRegister            : register codec pool for pool type 4
[LOG] SystemI::createSoundInternal             : Sample 0/1: name='katana_slash (4)', format=5, channels=2, frequency=48000, lengthbytes=12480, lengthpcm=51408, pcmblocksize=0, loopstart=0, loopend=0, mode=0x00000000, channelmask=0x00000000, channelorder=0, peakvolume=0.999969.
[LOG] SystemI::createSoundInternal             : Create name='', mode=0x02000202
[LOG] SystemI::createSoundInternal             : exinfo->cbsize             = 224
[LOG] SystemI::createSoundInternal             : exinfo->length             = 1917376
[LOG] SystemI::createSoundInternal             : exinfo->fileoffset         = 80896
[LOG] SystemI::createSoundInternal             : exinfo->numsubsounds       = 1
[LOG] SystemI::createSoundInternal             : exinfo->inclusionlist      = 00000045BB12F388
[LOG] SystemI::createSoundInternal             : exinfo->inclusionlistnum   = 1
[LOG] SystemI::createSoundInternal             : exinfo->suggestedsoundtype = 5
[LOG] SystemI::createSoundInternal             : exinfo->useropen           = 00007FFAC31AD3E0
[LOG] SystemI::createSoundInternal             : exinfo->userclose          = 00007FFAC31AD3A0
[LOG] SystemI::createSoundInternal             : exinfo->userread           = 00007FFAC31AD4C0
[LOG] SystemI::createSoundInternal             : exinfo->userseek           = 00007FFAC31AD580
[LOG] SystemI::createSoundInternal             : exinfo->fileuserdata       = 000001B99D505858
[LOG] SystemI::createSoundInternal             : exinfo->initialseekpostype = 1
[LOG] SystemI::DSPCodecPoolRegister            : register codec pool for pool type 4
[LOG] SystemI::createSoundInternal             : Sample 0/1: name='wolf_attack', format=5, channels=2, frequency=48000, lengthbytes=23968, lengthpcm=121626, pcmblocksize=0, loopstart=0, loopend=0, mode=0x00000000, channelmask=0x00000000, channelorder=0, peakvolume=0.921967.
[LOG] SystemI::createSoundInternal             : Create name='', mode=0x02000202
[LOG] SystemI::createSoundInternal             : exinfo->cbsize             = 224
[LOG] SystemI::createSoundInternal             : exinfo->length             = 1917376
[LOG] SystemI::createSoundInternal             : exinfo->fileoffset         = 80896
[LOG] SystemI::createSoundInternal             : exinfo->numsubsounds       = 1
[LOG] SystemI::createSoundInternal             : exinfo->inclusionlist      = 00000045BB12F388
[LOG] SystemI::createSoundInternal             : exinfo->inclusionlistnum   = 1
[LOG] SystemI::createSoundInternal             : exinfo->suggestedsoundtype = 5
[LOG] SystemI::createSoundInternal             : exinfo->useropen           = 00007FFAC31AD3E0
[LOG] SystemI::createSoundInternal             : exinfo->userclose          = 00007FFAC31AD3A0
[LOG] SystemI::createSoundInternal             : exinfo->userread           = 00007FFAC31AD4C0
[LOG] SystemI::createSoundInternal             : exinfo->userseek           = 00007FFAC31AD580
[LOG] SystemI::createSoundInternal             : exinfo->fileuserdata       = 000001B99D505858
[LOG] SystemI::createSoundInternal             : exinfo->initialseekpostype = 1
[LOG] SystemI::DSPCodecPoolRegister            : register codec pool for pool type 4
[LOG] SystemI::createSoundInternal             : Sample 0/1: name='11L-dog_sounds,_dog_atta-1745859166880', format=5, channels=2, frequency=48000, lengthbytes=22272, lengthpcm=100310, pcmblocksize=0, loopstart=0, loopend=0, mode=0x00000000, channelmask=0x00000000, channelorder=0, peakvolume=0.962006.
[LOG] SystemI::createSoundInternal             : Create name='', mode=0x02000202
[LOG] SystemI::createSoundInternal             : exinfo->cbsize             = 224
[LOG] SystemI::createSoundInternal             : exinfo->length             = 1917376
[LOG] SystemI::createSoundInternal             : exinfo->fileoffset         = 80896
[LOG] SystemI::createSoundInternal             : exinfo->numsubsounds       = 1
[LOG] SystemI::createSoundInternal             : exinfo->inclusionlist      = 00000045BB12F388
[LOG] SystemI::createSoundInternal             : exinfo->inclusionlistnum   = 1
[LOG] SystemI::createSoundInternal             : exinfo->suggestedsoundtype = 5
[LOG] SystemI::createSoundInternal             : exinfo->useropen           = 00007FFAC31AD3E0
[LOG] SystemI::createSoundInternal             : exinfo->userclose          = 00007FFAC31AD3A0
[LOG] SystemI::createSoundInternal             : exinfo->userread           = 00007FFAC31AD4C0
[LOG] SystemI::createSoundInternal             : exinfo->userseek           = 00007FFAC31AD580
[LOG] SystemI::createSoundInternal             : exinfo->fileuserdata       = 000001B99D505858
[LOG] SystemI::createSoundInternal             : exinfo->initialseekpostype = 1
[LOG] SystemI::DSPCodecPoolRegister            : register codec pool for pool type 4
[LOG] SystemI::createSoundInternal             : Sample 0/1: name='11L-dog_sounds,_dog_atta-1745859156921', format=5, channels=2, frequency=48000, lengthbytes=27936, lengthpcm=100310, pcmblocksize=0, loopstart=0, loopend=0, mode=0x00000000, channelmask=0x00000000, channelorder=0, peakvolume=0.914917.
[LOG] SystemI::createSoundInternal             : Create name='', mode=0x02000202
[LOG] SystemI::createSoundInternal             : exinfo->cbsize             = 224
[LOG] SystemI::createSoundInternal             : exinfo->length             = 1917376
[LOG] SystemI::createSoundInternal             : exinfo->fileoffset         = 80896
[LOG] SystemI::createSoundInternal             : exinfo->numsubsounds       = 1
[LOG] SystemI::createSoundInternal             : exinfo->inclusionlist      = 00000045BB12F388
[LOG] SystemI::createSoundInternal             : exinfo->inclusionlistnum   = 1
[LOG] SystemI::createSoundInternal             : exinfo->suggestedsoundtype = 5
[LOG] SystemI::createSoundInternal             : exinfo->useropen           = 00007FFAC31AD3E0
[LOG] SystemI::createSoundInternal             : exinfo->userclose          = 00007FFAC31AD3A0
[LOG] SystemI::createSoundInternal             : exinfo->userread           = 00007FFAC31AD4C0
[LOG] SystemI::createSoundInternal             : exinfo->userseek           = 00007FFAC31AD580
[LOG] SystemI::createSoundInternal             : exinfo->fileuserdata       = 000001BC326B1D98
[LOG] SystemI::createSoundInternal             : exinfo->initialseekpostype = 1
[LOG] SystemI::DSPCodecPoolRegister            : register codec pool for pool type 4
[LOG] SystemI::createSoundInternal             : Sample 0/1: name='damage6 (1) - Trimmed', format=5, channels=2, frequency=48000, lengthbytes=4928, lengthpcm=16408, pcmblocksize=0, loopstart=0, loopend=0, mode=0x00000000, channelmask=0x00000000, channelorder=0, peakvolume=0.974915.
[LOG] SystemI::createSoundInternal             : Create name='', mode=0x02000202
[LOG] SystemI::createSoundInternal             : exinfo->cbsize             = 224
[LOG] SystemI::createSoundInternal             : exinfo->length             = 1917376
[LOG] SystemI::createSoundInternal             : exinfo->fileoffset         = 80896
[LOG] SystemI::createSoundInternal             : exinfo->numsubsounds       = 1
[LOG] SystemI::createSoundInternal             : exinfo->inclusionlist      = 00000045BB12F388
[LOG] SystemI::createSoundInternal             : exinfo->inclusionlistnum   = 1
[LOG] SystemI::createSoundInternal             : exinfo->suggestedsoundtype = 5
[LOG] SystemI::createSoundInternal             : exinfo->useropen           = 00007FFAC31AD3E0
[LOG] SystemI::createSoundInternal             : exinfo->userclose          = 00007FFAC31AD3A0
[LOG] SystemI::createSoundInternal             : exinfo->userread           = 00007FFAC31AD4C0
[LOG] SystemI::createSoundInternal             : exinfo->userseek           = 00007FFAC31AD580
[LOG] SystemI::createSoundInternal             : exinfo->fileuserdata       = 000001BC326B1D98
[LOG] SystemI::createSoundInternal             : exinfo->initialseekpostype = 1
[LOG] SystemI::DSPCodecPoolRegister            : register codec pool for pool type 4
[LOG] SystemI::createSoundInternal             : Sample 0/1: name='damage7 - Trimmed', format=5, channels=2, frequency=48000, lengthbytes=8896, lengthpcm=40124, pcmblocksize=0, loopstart=0, loopend=0, mode=0x00000000, channelmask=0x00000000, channelorder=0, peakvolume=0.999969.
[LOG] SystemI::createSoundInternal             : Create name='', mode=0x02000202
[LOG] SystemI::createSoundInternal             : exinfo->cbsize             = 224
[LOG] SystemI::createSoundInternal             : exinfo->length             = 1917376
[LOG] SystemI::createSoundInternal             : exinfo->fileoffset         = 80896
[LOG] SystemI::createSoundInternal             : exinfo->numsubsounds       = 1
[LOG] SystemI::createSoundInternal             : exinfo->inclusionlist      = 00000045BB12F388
[LOG] SystemI::createSoundInternal             : exinfo->inclusionlistnum   = 1
[LOG] SystemI::createSoundInternal             : exinfo->suggestedsoundtype = 5
[LOG] SystemI::createSoundInternal             : exinfo->useropen           = 00007FFAC31AD3E0
[LOG] SystemI::createSoundInternal             : exinfo->userclose          = 00007FFAC31AD3A0
[LOG] SystemI::createSoundInternal             : exinfo->userread           = 00007FFAC31AD4C0
[LOG] SystemI::createSoundInternal             : exinfo->userseek           = 00007FFAC31AD580
[LOG] SystemI::createSoundInternal             : exinfo->fileuserdata       = 000001BC326B1D98
[LOG] SystemI::createSoundInternal             : exinfo->initialseekpostype = 1
[LOG] SystemI::DSPCodecPoolRegister            : register codec pool for pool type 4
[LOG] SystemI::createSoundInternal             : Sample 0/1: name='zombie_attack', format=5, channels=2, frequency=48000, lengthbytes=34176, lengthpcm=121626, pcmblocksize=0, loopstart=0, loopend=0, mode=0x00000000, channelmask=0x00000000, channelorder=0, peakvolume=0.969604.
[LOG] SystemI::createSoundInternal             : Create name='', mode=0x02000202
[LOG] SystemI::createSoundInternal             : exinfo->cbsize             = 224
[LOG] SystemI::createSoundInternal             : exinfo->length             = 1917376
[LOG] SystemI::createSoundInternal             : exinfo->fileoffset         = 80896
[LOG] SystemI::createSoundInternal             : exinfo->numsubsounds       = 1
[LOG] SystemI::createSoundInternal             : exinfo->inclusionlist      = 00000045BB12F388
[LOG] SystemI::createSoundInternal             : exinfo->inclusionlistnum   = 1
[LOG] SystemI::createSoundInternal             : exinfo->suggestedsoundtype = 5
[LOG] SystemI::createSoundInternal             : exinfo->useropen           = 00007FFAC31AD3E0
[LOG] SystemI::createSoundInternal             : exinfo->userclose          = 00007FFAC31AD3A0
[LOG] SystemI::createSoundInternal             : exinfo->userread           = 00007FFAC31AD4C0
[LOG] SystemI::createSoundInternal             : exinfo->userseek           = 00007FFAC31AD580
[LOG] SystemI::createSoundInternal             : exinfo->fileuserdata       = 000001BB94FA8488
[LOG] SystemI::createSoundInternal             : exinfo->initialseekpostype = 1
[LOG] SystemI::DSPCodecPoolRegister            : register codec pool for pool type 4
[LOG] SystemI::createSoundInternal             : Sample 0/1: name='ゾンビの声3 - Trimmed', format=5, channels=2, frequency=48000, lengthbytes=20320, lengthpcm=78249, pcmblocksize=0, loopstart=0, loopend=0, mode=0x00000000, channelmask=0x00000000, channelorder=0, peakvolume=0.469971.
[LOG] SystemI::createSoundInternal             : Create name='', mode=0x02000202
[LOG] SystemI::createSoundInternal             : exinfo->cbsize             = 224
[LOG] SystemI::createSoundInternal             : exinfo->length             = 1917376
[LOG] SystemI::createSoundInternal             : exinfo->fileoffset         = 80896
[LOG] SystemI::createSoundInternal             : exinfo->numsubsounds       = 1
[LOG] SystemI::createSoundInternal             : exinfo->inclusionlist      = 00000045BB12F388
[LOG] SystemI::createSoundInternal             : exinfo->inclusionlistnum   = 1
[LOG] SystemI::createSoundInternal             : exinfo->suggestedsoundtype = 5
[LOG] SystemI::createSoundInternal             : exinfo->useropen           = 00007FFAC31AD3E0
[LOG] SystemI::createSoundInternal             : exinfo->userclose          = 00007FFAC31AD3A0
[LOG] SystemI::createSoundInternal             : exinfo->userread           = 00007FFAC31AD4C0
[LOG] SystemI::createSoundInternal             : exinfo->userseek           = 00007FFAC31AD580
[LOG] SystemI::createSoundInternal             : exinfo->fileuserdata       = 000001BB94FA8488
[LOG] SystemI::createSoundInternal             : exinfo->initialseekpostype = 1
[LOG] SystemI::DSPCodecPoolRegister            : register codec pool for pool type 4
[LOG] SystemI::createSoundInternal             : Sample 0/1: name='ゾンビの声1 - Trimmed', format=5, channels=2, frequency=48000, lengthbytes=30496, lengthpcm=104179, pcmblocksize=0, loopstart=0, loopend=0, mode=0x00000000, channelmask=0x00000000, channelorder=0, peakvolume=0.473114.
[LOG] SystemI::createSoundInternal             : Create name='', mode=0x02000202
[LOG] SystemI::createSoundInternal             : exinfo->cbsize             = 224
[LOG] SystemI::createSoundInternal             : exinfo->length             = 1917376
[LOG] SystemI::createSoundInternal             : exinfo->fileoffset         = 80896
[LOG] SystemI::createSoundInternal             : exinfo->numsubsounds       = 1
[LOG] SystemI::createSoundInternal             : exinfo->inclusionlist      = 00000045BB12F388
[LOG] SystemI::createSoundInternal             : exinfo->inclusionlistnum   = 1
[LOG] SystemI::createSoundInternal             : exinfo->suggestedsoundtype = 5
[LOG] SystemI::createSoundInternal             : exinfo->useropen           = 00007FFAC31AD3E0
[LOG] SystemI::createSoundInternal             : exinfo->userclose          = 00007FFAC31AD3A0
[LOG] SystemI::createSoundInternal             : exinfo->userread           = 00007FFAC31AD4C0
[LOG] SystemI::createSoundInternal             : exinfo->userseek           = 00007FFAC31AD580
[LOG] SystemI::createSoundInternal             : exinfo->fileuserdata       = 000001BB94FA8488
[LOG] SystemI::createSoundInternal             : exinfo->initialseekpostype = 1
[LOG] SystemI::DSPCodecPoolRegister            : register codec pool for pool type 4
[LOG] SystemI::createSoundInternal             : Sample 0/1: name='heavy_sword_slash', format=5, channels=2, frequency=48000, lengthbytes=32544, lengthpcm=146703, pcmblocksize=0, loopstart=0, loopend=0, mode=0x00000000, channelmask=0x00000000, channelorder=0, peakvolume=0.999969.
[LOG] SystemI::createSoundInternal             : Create name='', mode=0x02000202
[LOG] SystemI::createSoundInternal             : exinfo->cbsize             = 224
[LOG] SystemI::createSoundInternal             : exinfo->length             = 1917376
[LOG] SystemI::createSoundInternal             : exinfo->fileoffset         = 80896
[LOG] SystemI::createSoundInternal             : exinfo->numsubsounds       = 1
[LOG] SystemI::createSoundInternal             : exinfo->inclusionlist      = 00000045BB12F388
[LOG] SystemI::createSoundInternal             : exinfo->inclusionlistnum   = 1
[LOG] SystemI::createSoundInternal             : exinfo->suggestedsoundtype = 5
[LOG] SystemI::createSoundInternal             : exinfo->useropen           = 00007FFAC31AD3E0
[LOG] SystemI::createSoundInternal             : exinfo->userclose          = 00007FFAC31AD3A0
[LOG] SystemI::createSoundInternal             : exinfo->userread           = 00007FFAC31AD4C0
[LOG] SystemI::createSoundInternal             : exinfo->userseek           = 00007FFAC31AD580
[LOG] SystemI::createSoundInternal             : exinfo->fileuserdata       = 000001BB94FA8488
[LOG] SystemI::createSoundInternal             : exinfo->initialseekpostype = 1
[LOG] SystemI::DSPCodecPoolRegister            : register codec pool for pool type 4
[LOG] SystemI::createSoundInternal             : Sample 0/1: name='ゾンビの声2 - Trimmed', format=5, channels=2, frequency=48000, lengthbytes=20448, lengthpcm=80810, pcmblocksize=0, loopstart=0, loopend=0, mode=0x00000000, channelmask=0x00000000, channelorder=0, peakvolume=0.407928.
[LOG] SoundI::release                          :  (000001B836AE9818)
[LOG] SoundI::release                          :     gamestart (000001BA59655ED8)
[LOG] SoundI::release                          :  (000001B836AE58D8)
[LOG] SoundI::release                          :     hologram sounds2 (000001BA59657858)
[LOG] SystemI::createSoundInternal             : Create name='', mode=0x02000202
[LOG] SystemI::createSoundInternal             : exinfo->cbsize             = 224
[LOG] SystemI::createSoundInternal             : exinfo->length             = 1917376
[LOG] SystemI::createSoundInternal             : exinfo->fileoffset         = 80896
[LOG] SystemI::createSoundInternal             : exinfo->numsubsounds       = 1
[LOG] SystemI::createSoundInternal             : exinfo->inclusionlist      = 00000045BB12F388
[LOG] SystemI::createSoundInternal             : exinfo->inclusionlistnum   = 1
[LOG] SystemI::createSoundInternal             : exinfo->suggestedsoundtype = 5
[LOG] SystemI::createSoundInternal             : exinfo->useropen           = 00007FFAC31AD3E0
[LOG] SystemI::createSoundInternal             : exinfo->userclose          = 00007FFAC31AD3A0
[LOG] SystemI::createSoundInternal             : exinfo->userread           = 00007FFAC31AD4C0
[LOG] SystemI::createSoundInternal             : exinfo->userseek           = 00007FFAC31AD580
[LOG] SystemI::createSoundInternal             : exinfo->fileuserdata       = 000001B902989238
[LOG] SystemI::createSoundInternal             : exinfo->initialseekpostype = 1
[LOG] SystemI::DSPCodecPoolRegister            : register codec pool for pool type 4
[LOG] SystemI::createSoundInternal             : Sample 0/1: name='monster die', format=5, channels=2, frequency=48000, lengthbytes=25312, lengthpcm=121626, pcmblocksize=0, loopstart=0, loopend=0, mode=0x00000000, channelmask=0x00000000, channelorder=0, peakvolume=0.937927.
[LOG] SystemI::createSoundInternal             : Create name='', mode=0x02000202
[LOG] SystemI::createSoundInternal             : exinfo->cbsize             = 224
[LOG] SystemI::createSoundInternal             : exinfo->length             = 1917376
[LOG] SystemI::createSoundInternal             : exinfo->fileoffset         = 80896
[LOG] SystemI::createSoundInternal             : exinfo->numsubsounds       = 1
[LOG] SystemI::createSoundInternal             : exinfo->inclusionlist      = 00000045BB12F388
[LOG] SystemI::createSoundInternal             : exinfo->inclusionlistnum   = 1
[LOG] SystemI::createSoundInternal             : exinfo->suggestedsoundtype = 5
[LOG] SystemI::createSoundInternal             : exinfo->useropen           = 00007FFAC31AD3E0
[LOG] SystemI::createSoundInternal             : exinfo->userclose          = 00007FFAC31AD3A0
[LOG] SystemI::createSoundInternal             : exinfo->userread           = 00007FFAC31AD4C0
[LOG] SystemI::createSoundInternal             : exinfo->userseek           = 00007FFAC31AD580
[LOG] SystemI::createSoundInternal             : exinfo->fileuserdata       = 000001BDEF0E9938
[LOG] SystemI::createSoundInternal             : exinfo->initialseekpostype = 1
[LOG] SystemI::DSPCodecPoolRegister            : register codec pool for pool type 4
[LOG] SystemI::createSoundInternal             : Sample 0/1: name='Artlist Studios - Designed Motion - Spinning Metal Whoosh', format=5, channels=2, frequency=48000, lengthbytes=30272, lengthpcm=164390, pcmblocksize=0, loopstart=0, loopend=0, mode=0x00000000, channelmask=0x00000000, channelorder=0, peakvolume=0.841298.
[LOG] SystemI::createSoundInternal             : Create name='', mode=0x02000202
[LOG] SystemI::createSoundInternal             : exinfo->cbsize             = 224
[LOG] SystemI::createSoundInternal             : exinfo->length             = 1917376
[LOG] SystemI::createSoundInternal             : exinfo->fileoffset         = 80896
[LOG] SystemI::createSoundInternal             : exinfo->numsubsounds       = 1
[LOG] SystemI::createSoundInternal             : exinfo->inclusionlist      = 00000045BB12F388
[LOG] SystemI::createSoundInternal             : exinfo->inclusionlistnum   = 1
[LOG] SystemI::createSoundInternal             : exinfo->suggestedsoundtype = 5
[LOG] SystemI::createSoundInternal             : exinfo->useropen           = 00007FFAC31AD3E0
[LOG] SystemI::createSoundInternal             : exinfo->userclose          = 00007FFAC31AD3A0
[LOG] SystemI::createSoundInternal             : exinfo->userread           = 00007FFAC31AD4C0
[LOG] SystemI::createSoundInternal             : exinfo->userseek           = 00007FFAC31AD580
[LOG] SystemI::createSoundInternal             : exinfo->fileuserdata       = 000001BDEF0E9938
[LOG] SystemI::createSoundInternal             : exinfo->initialseekpostype = 1
[LOG] SystemI::DSPCodecPoolRegister            : register codec pool for pool type 4
[LOG] SystemI::createSoundInternal             : Sample 0/1: name='aggressive_heavy_met', format=5, channels=2, frequency=48000, lengthbytes=26048, lengthpcm=100310, pcmblocksize=0, loopstart=0, loopend=0, mode=0x00000000, channelmask=0x00000000, channelorder=0, peakvolume=0.957001.
[LOG] SystemI::createSoundInternal             : Create name='', mode=0x02000202
[LOG] SystemI::createSoundInternal             : exinfo->cbsize             = 224
[LOG] SystemI::createSoundInternal             : exinfo->length             = 1917376
[LOG] SystemI::createSoundInternal             : exinfo->fileoffset         = 80896
[LOG] SystemI::createSoundInternal             : exinfo->numsubsounds       = 1
[LOG] SystemI::createSoundInternal             : exinfo->inclusionlist      = 00000045BB12F388
[LOG] SystemI::createSoundInternal             : exinfo->inclusionlistnum   = 1
[LOG] SystemI::createSoundInternal             : exinfo->suggestedsoundtype = 5
[LOG] SystemI::createSoundInternal             : exinfo->useropen           = 00007FFAC31AD3E0
[LOG] SystemI::createSoundInternal             : exinfo->userclose          = 00007FFAC31AD3A0
[LOG] SystemI::createSoundInternal             : exinfo->userread           = 00007FFAC31AD4C0
[LOG] SystemI::createSoundInternal             : exinfo->userseek           = 00007FFAC31AD580
[LOG] SystemI::createSoundInternal             : exinfo->fileuserdata       = 000001BDEF0E9938
[LOG] SystemI::createSoundInternal             : exinfo->initialseekpostype = 1
[LOG] SystemI::DSPCodecPoolRegister            : register codec pool for pool type 4
[LOG] SystemI::createSoundInternal             : Sample 0/1: name='huge_slash', format=5, channels=2, frequency=48000, lengthbytes=27104, lengthpcm=100310, pcmblocksize=0, loopstart=0, loopend=0, mode=0x00000000, channelmask=0x00000000, channelorder=0, peakvolume=0.994720.
[LOG] SystemI::createSoundInternal             : Create name='', mode=0x02000202
[LOG] SystemI::createSoundInternal             : exinfo->cbsize             = 224
[LOG] SystemI::createSoundInternal             : exinfo->length             = 1917376
[LOG] SystemI::createSoundInternal             : exinfo->fileoffset         = 80896
[LOG] SystemI::createSoundInternal             : exinfo->numsubsounds       = 1
[LOG] SystemI::createSoundInternal             : exinfo->inclusionlist      = 00000045BB12F388
[LOG] SystemI::createSoundInternal             : exinfo->inclusionlistnum   = 1
[LOG] SystemI::createSoundInternal             : exinfo->suggestedsoundtype = 5
[LOG] SystemI::createSoundInternal             : exinfo->useropen           = 00007FFAC31AD3E0
[LOG] SystemI::createSoundInternal             : exinfo->userclose          = 00007FFAC31AD3A0
[LOG] SystemI::createSoundInternal             : exinfo->userread           = 00007FFAC31AD4C0
[LOG] SystemI::createSoundInternal             : exinfo->userseek           = 00007FFAC31AD580
[LOG] SystemI::createSoundInternal             : exinfo->fileuserdata       = 000001BDEF0E9938
[LOG] SystemI::createSoundInternal             : exinfo->initialseekpostype = 1
[LOG] SystemI::DSPCodecPoolRegister            : register codec pool for pool type 4
[LOG] SystemI::createSoundInternal             : Sample 0/1: name='剣で斬る6', format=5, channels=2, frequency=48000, lengthbytes=32384, lengthpcm=108288, pcmblocksize=0, loopstart=0, loopend=0, mode=0x00000000, channelmask=0x00000000, channelorder=0, peakvolume=0.548523.
[LOG] SystemI::createSoundInternal             : Create name='', mode=0x02000202
[LOG] SystemI::createSoundInternal             : exinfo->cbsize             = 224
[LOG] SystemI::createSoundInternal             : exinfo->length             = 1917376
[LOG] SystemI::createSoundInternal             : exinfo->fileoffset         = 80896
[LOG] SystemI::createSoundInternal             : exinfo->numsubsounds       = 1
[LOG] SystemI::createSoundInternal             : exinfo->inclusionlist      = 00000045BB12F388
[LOG] SystemI::createSoundInternal             : exinfo->inclusionlistnum   = 1
[LOG] SystemI::createSoundInternal             : exinfo->suggestedsoundtype = 5
[LOG] SystemI::createSoundInternal             : exinfo->useropen           = 00007FFAC31AD3E0
[LOG] SystemI::createSoundInternal             : exinfo->userclose          = 00007FFAC31AD3A0
[LOG] SystemI::createSoundInternal             : exinfo->userread           = 00007FFAC31AD4C0
[LOG] SystemI::createSoundInternal             : exinfo->userseek           = 00007FFAC31AD580
[LOG] SystemI::createSoundInternal             : exinfo->fileuserdata       = 000001BC08640AE8
[LOG] SystemI::createSoundInternal             : exinfo->initialseekpostype = 1
[LOG] SystemI::DSPCodecPoolRegister            : register codec pool for pool type 4
[LOG] SystemI::createSoundInternal             : Sample 0/1: name='高速移動', format=5, channels=2, frequency=48000, lengthbytes=15904, lengthpcm=62693, pcmblocksize=0, loopstart=0, loopend=0, mode=0x00000000, channelmask=0x00000000, channelorder=0, peakvolume=0.683105.
[LOG] SoundI::release                          :  (000001B836AEA478)
[LOG] SoundI::release                          :     zombie_attack (000001B903F78BF8)
[LOG] SoundI::release                          :  (000001B836AEA1B8)
[LOG] SoundI::release                          :     damage6 (1) - Trimmed (000001B903F791F8)
[LOG] SoundI::release                          :  (000001B836AEA318)
[LOG] SoundI::release                          :     damage7 - Trimmed (000001B903F794F8)
[LOG] SoundI::release                          :  (000001B836AEA738)
[LOG] SoundI::release                          :     ゾンビの声1 - Trimmed (000001BA278BF488)
[LOG] SoundI::release                          :  (000001B836AEA9F8)
[LOG] SoundI::release                          :     ゾンビの声2 - Trimmed (000001BA278BFC08)
[LOG] SoundI::release                          :  (000001B836AEA5D8)
[LOG] SoundI::release                          :     ゾンビの声3 - Trimmed (000001BA278BFA88)
[LOG] SoundI::release                          :  (000001B836AEA898)
[LOG] SoundI::release                          :     heavy_sword_slash (000001BA278BF608)
[LOG] SoundI::release                          :  (000001B836AE7718)
[LOG] SoundI::release                          :     swing1 (000001B90404E978)
[LOG] SoundI::release                          :  (000001B836AEAF78)
[LOG] SoundI::release                          :     高速移動 (000001B6902AC528)
[LOG] SoundI::release                          :  (000001B836AE84D8)
[LOG] SoundI::release                          :     アスファルトの上を歩く1 - Trimmed (000001BA4DC9A388)
[LOG] SoundI::release                          :  (000001B836AE5CF8)
[LOG] SoundI::release                          :     アスファルトの上を歩く2 - Trimmed (000001BA4DC9A208)
[LOG] SoundI::release                          :  (000001B836AE8218)
[LOG] SoundI::release                          :     アスファルトの上を歩く3 - Trimmed (000001BA4DC9A688)
[LOG] SoundI::release                          :  (000001B836AE8378)
[LOG] SoundI::release                          :     アスファルトの上を歩く4 - Trimmed (000001BA4DC9A088)
[LOG] SoundI::release                          :  (000001B836AE5E58)
[LOG] SoundI::release                          :     11L-dog_sounds,_dog_atta-1745859166880 (000001BA59656058)
[LOG] SoundI::release                          :  (000001B836AEA058)
[LOG] SoundI::release                          :     11L-dog_sounds,_dog_atta-1745859156921 (000001BA596564D8)
[LOG] SoundI::release                          :  (000001B836AE8798)
[LOG] SoundI::release                          :     wolf_attack (000001BA59656358)
[LOG] SoundI::release                          :  (000001B836AE58D8)
[LOG] SoundI::release                          :     monster die (000001B90404EAF8)
[LOG] SoundI::release                          :  (000001B836AE9EF8)
[LOG] SoundI::release                          :     katana_slash (4) (000001B90404E4F8)
[LOG] SoundI::release                          :  (000001B836AE9818)
[LOG] SoundI::release                          :     aggressive_heavy_met (000001B68E3C51C8)
[LOG] SoundI::release                          :  (000001B836AEAE18)
[LOG] SoundI::release                          :     剣で斬る6 (000001B68E3C4A48)
[LOG] SoundI::release                          :  (000001B836AEAB58)
[LOG] SoundI::release                          :     Artlist Studios - Designed Motion - Spinning Metal Whoosh (000001B68E3C5048)
[LOG] SoundI::release                          :  (000001B836AEACB8)
[LOG] SoundI::release                          :     huge_slash (000001B68E3C54C8)
[LOG] Thread::callback                         : FMOD Studio update thread finished.
[LOG] Thread::callback                         : FMOD Studio bank load thread finished.
[LOG] Profile::disconnectAll                   : Profiler disconnecting all clients
[LOG] Thread::callback                         : FMOD Studio sample load thread finished.
[LOG] LiveUpdate::release                      : 
[LOG] LiveUpdate::reset                        : Reset connection (reason Disconnected)
[LOG] Thread::callback                         : FMOD stream thread finished.
[LOG] Thread::callback                         : FMOD mixer thread finished.
[LOG] Profile::disconnectAll                   : Profiler disconnecting all clients
[LOG] SystemI::closeInternal                   : Closed.
